<?xml version="1.0" encoding="UTF-8"?>
<testsuite name="com.moodAnalyzer.MoodAnalyzerTest" tests="1" skipped="0" failures="0" errors="0" timestamp="2020-06-25T17:15:51" hostname="DESKTOP-9DCLVAF" time="0.002">
  <properties/>
  <testcase name="givenClass_WhenConstructorNotProper_ShouldThrowMoodAnalysisException" classname="com.moodAnalyzer.MoodAnalyzerTest" time="0.002"/>
  <system-out><![CDATA[]]></system-out>
  <system-err><![CDATA[]]></system-err>
</testsuite>
