<?xml version="1.0" encoding="UTF-8"?>
<testsuite name="com.moodAnalyzer.MoodAnalyzerTest" tests="1" skipped="0" failures="0" errors="0" timestamp="2020-06-25T21:00:43" hostname="DESKTOP-9DCLVAF" time="0.004">
  <properties/>
  <testcase name="givenMoodAnalyzer_OnChangeMood_ShouldReturnHappy" classname="com.moodAnalyzer.MoodAnalyzerTest" time="0.004"/>
  <system-out><![CDATA[]]></system-out>
  <system-err><![CDATA[]]></system-err>
</testsuite>
