<?xml version="1.0" encoding="UTF-8"?>
<testsuite name="com.moodAnalyze.MoodAnalyzerTest" tests="1" skipped="0" failures="0" errors="0" timestamp="2020-06-19T20:20:51" hostname="DESKTOP-9DCLVAF" time="0.001">
  <properties/>
  <testcase name="givenNullMood_shouldThrowException" classname="com.moodAnalyze.MoodAnalyzerTest" time="0.001"/>
  <system-out><![CDATA[]]></system-out>
  <system-err><![CDATA[]]></system-err>
</testsuite>
