<?xml version="1.0" encoding="UTF-8"?>
<testsuite name="com.moodAnalyzer.MoodAnalyzerTest" tests="1" skipped="0" failures="0" errors="0" timestamp="2020-06-24T18:45:00" hostname="DESKTOP-9DCLVAF" time="0.006">
  <properties/>
  <testcase name="givenMoodAnalyzerClass_WhenProper_ShouldReturnObject" classname="com.moodAnalyzer.MoodAnalyzerTest" time="0.006"/>
  <system-out><![CDATA[]]></system-out>
  <system-err><![CDATA[]]></system-err>
</testsuite>
