<?xml version="1.0" encoding="UTF-8"?>
<testsuite name="com.moodAnalyzer.MoodAnalyzerTest" tests="1" skipped="0" failures="0" errors="0" timestamp="2020-06-25T21:29:55" hostname="DESKTOP-9DCLVAF" time="0.003">
  <properties/>
  <testcase name="setFieldValue_When_ShouldThrowException" classname="com.moodAnalyzer.MoodAnalyzerTest" time="0.003"/>
  <system-out><![CDATA[]]></system-out>
  <system-err><![CDATA[]]></system-err>
</testsuite>
